images/rgb_211.png: Predicted in 28.505484 seconds.
Bottle: 100%
1.000000
0.000000
1.000000
0.409983 0.541919 0.100218 0.654106
Bottle: 100%
1.000000
0.000000
1.000000
0.671442 0.541068 0.089690 0.536021
Bottle: 100%
1.000000
0.000000
1.000000
0.311997 0.543729 0.110224 0.599389
Bottle: 100%
1.000000
0.000000
1.000000
0.517643 0.556491 0.071803 0.515717
Bottle: 100%
1.000000
0.000000
1.000000
0.555251 0.553530 0.091314 0.571176
Bottle: 99%
1.000000
0.000000
1.000000
0.460401 0.535734 0.068235 0.538168
Bottle: 99%
1.000000
0.000000
1.000000
0.635598 0.537633 0.112939 0.587938
